<?xml version="1.0" encoding="UTF-8"?>
<testng-results ignored="0" total="5" passed="5" failed="0" skipped="0">
  <reporter-output>
  </reporter-output>
  <suite started-at="2023-06-08T16:02:45 AEST" name="Suite" finished-at="2023-06-08T16:03:36 AEST" duration-ms="50448">
    <groups>
    </groups>
    <test started-at="2023-06-08T16:02:45 AEST" name="Test" finished-at="2023-06-08T16:03:36 AEST" duration-ms="50448">
      <class name="tests.TC_ContentPage">
        <test-method is-config="true" signature="openApplication()[pri:0, instance:tests.TC_ContentPage@2d52216b]" started-at="2023-06-08T16:03:14 AEST" name="openApplication" finished-at="2023-06-08T16:03:23 AEST" duration-ms="9737" status="PASS">
          <reporter-output>
          </reporter-output>
        </test-method> <!-- openApplication -->
        <test-method signature="checkUI_Affordable()[pri:1, instance:tests.TC_ContentPage@2d52216b]" started-at="2023-06-08T16:03:23 AEST" name="checkUI_Affordable" finished-at="2023-06-08T16:03:29 AEST" duration-ms="5762" status="PASS">
          <reporter-output>
          </reporter-output>
        </test-method> <!-- checkUI_Affordable -->
        <test-method signature="checkUI_Inclusive()[pri:2, instance:tests.TC_ContentPage@2d52216b]" started-at="2023-06-08T16:03:29 AEST" name="checkUI_Inclusive" finished-at="2023-06-08T16:03:33 AEST" duration-ms="3589" status="PASS">
          <reporter-output>
          </reporter-output>
        </test-method> <!-- checkUI_Inclusive -->
        <test-method signature="checkUI_Hyg_Safe()[pri:3, instance:tests.TC_ContentPage@2d52216b]" started-at="2023-06-08T16:03:33 AEST" name="checkUI_Hyg_Safe" finished-at="2023-06-08T16:03:35 AEST" duration-ms="2335" status="PASS">
          <reporter-output>
          </reporter-output>
        </test-method> <!-- checkUI_Hyg_Safe -->
        <test-method is-config="true" signature="teardown()[pri:0, instance:tests.TC_ContentPage@2d52216b]" started-at="2023-06-08T16:03:35 AEST" name="teardown" finished-at="2023-06-08T16:03:36 AEST" duration-ms="569" status="PASS">
          <reporter-output>
          </reporter-output>
        </test-method> <!-- teardown -->
      </class> <!-- tests.TC_ContentPage -->
      <class name="tests.TC_landingpage">
        <test-method is-config="true" signature="openApplication()[pri:0, instance:tests.TC_landingpage@54e1c68b]" started-at="2023-06-08T16:02:45 AEST" name="openApplication" finished-at="2023-06-08T16:03:02 AEST" duration-ms="16414" status="PASS">
          <reporter-output>
          </reporter-output>
        </test-method> <!-- openApplication -->
        <test-method signature="checkUI_EnglishLandingP()[pri:1, instance:tests.TC_landingpage@54e1c68b]" started-at="2023-06-08T16:03:02 AEST" name="checkUI_EnglishLandingP" finished-at="2023-06-08T16:03:06 AEST" duration-ms="3836" status="PASS">
          <reporter-output>
          </reporter-output>
        </test-method> <!-- checkUI_EnglishLandingP -->
        <test-method signature="checkUI_BanglaLandingP()[pri:2, instance:tests.TC_landingpage@54e1c68b]" started-at="2023-06-08T16:03:06 AEST" name="checkUI_BanglaLandingP" finished-at="2023-06-08T16:03:13 AEST" duration-ms="7502" status="PASS">
          <reporter-output>
          </reporter-output>
        </test-method> <!-- checkUI_BanglaLandingP -->
        <test-method is-config="true" signature="teardown()[pri:0, instance:tests.TC_landingpage@54e1c68b]" started-at="2023-06-08T16:03:13 AEST" name="teardown" finished-at="2023-06-08T16:03:14 AEST" duration-ms="658" status="PASS">
          <reporter-output>
          </reporter-output>
        </test-method> <!-- teardown -->
      </class> <!-- tests.TC_landingpage -->
    </test> <!-- Test -->
  </suite> <!-- Suite -->
</testng-results>
