<?xml version="1.0" encoding="UTF-8"?>
<!-- Generated by org.testng.reporters.JUnitXMLReporter -->
<testsuite ignored="0" hostname="Rafias-MacBook-Air.local" failures="0" tests="5" name="Test" time="50.448" errors="0" timestamp="2023-06-08T16:03:41 AEST">
  <testcase classname="tests.TC_landingpage" name="checkUI_EnglishLandingP" time="3.836"/>
  <testcase classname="tests.TC_landingpage" name="checkUI_BanglaLandingP" time="7.502"/>
  <testcase classname="tests.TC_ContentPage" name="checkUI_Affordable" time="5.762"/>
  <testcase classname="tests.TC_ContentPage" name="checkUI_Inclusive" time="3.589"/>
  <testcase classname="tests.TC_ContentPage" name="checkUI_Hyg_Safe" time="2.335"/>
</testsuite> <!-- Test -->
